# JRE version: Java(TM) SE Runtime Environment (8.0_45-b15) (build 1.8.0_45-b15)
# Java VM: Java HotSpot(TM) 64-Bit Server VM (25.45-b02 mixed mode windows-amd64 compressed oops)
Heap:
 PSYoungGen      total 722944K, used 546289K [0x000000076b780000, 0x00000007a5900000, 0x00000007c0000000)
  eden space 722432K, 75% used [0x000000076b780000,0x000000078ccbc4a0,0x0000000797900000)
  from space 512K, 50% used [0x00000007a5880000,0x00000007a58c0000,0x00000007a5900000)
  to   space 512K, 0% used [0x00000007a5800000,0x00000007a5800000,0x00000007a5880000)
 ParOldGen       total 173568K, used 55889K [0x00000006c2600000, 0x00000006ccf80000, 0x000000076b780000)
  object space 173568K, 32% used [0x00000006c2600000,0x00000006c5c94490,0x00000006ccf80000)
 Metaspace       used 6427K, capacity 6894K, committed 7040K, reserved 1056768K
  class space    used 585K, capacity 637K, committed 640K, reserved 1048576K
GC Heap History (10 events):
Event: 29.945 GC heap before
{Heap before GC invocations=144 (full 0):
 PSYoungGen      total 365056K, used 364832K [0x000000076b780000, 0x00000007a5900000, 0x00000007c0000000)
  eden space 364544K, 100% used [0x000000076b780000,0x0000000781b80000,0x0000000781b80000)
  from space 512K, 56% used [0x00000007a5800000,0x00000007a5848000,0x00000007a5880000)
  to   space 512K, 0% used [0x00000007a5880000,0x00000007a5880000,0x00000007a5900000)
 ParOldGen       total 173568K, used 55665K [0x00000006c2600000, 0x00000006ccf80000, 0x000000076b780000)
  object space 173568K, 32% used [0x00000006c2600000,0x00000006c5c5c490,0x00000006ccf80000)
 Metaspace       used 6417K, capacity 6894K, committed 7040K, reserved 1056768K
  class space    used 585K, capacity 637K, committed 640K, reserved 1048576K
Event: 29.946 GC heap after
Heap after GC invocations=144 (full 0):
 PSYoungGen      total 438272K, used 256K [0x000000076b780000, 0x00000007a5900000, 0x00000007c0000000)
  eden space 437760K, 0% used [0x000000076b780000,0x000000076b780000,0x0000000786300000)
  from space 512K, 50% used [0x00000007a5880000,0x00000007a58c0000,0x00000007a5900000)
  to   space 512K, 0% used [0x00000007a5800000,0x00000007a5800000,0x00000007a5880000)
 ParOldGen       total 173568K, used 55713K [0x00000006c2600000, 0x00000006ccf80000, 0x000000076b780000)
  object space 173568K, 32% used [0x00000006c2600000,0x00000006c5c68490,0x00000006ccf80000)
 Metaspace       used 6417K, capacity 6894K, committed 7040K, reserved 1056768K
  class space    used 585K, capacity 637K, committed 640K, reserved 1048576K
}
Event: 30.254 GC heap before
{Heap before GC invocations=145 (full 0):
 PSYoungGen      total 438272K, used 438016K [0x000000076b780000, 0x00000007a5900000, 0x00000007c0000000)
  eden space 437760K, 100% used [0x000000076b780000,0x0000000786300000,0x0000000786300000)
  from space 512K, 50% used [0x00000007a5880000,0x00000007a58c0000,0x00000007a5900000)
  to   space 512K, 0% used [0x00000007a5800000,0x00000007a5800000,0x00000007a5880000)
 ParOldGen       total 173568K, used 55713K [0x00000006c2600000, 0x00000006ccf80000, 0x000000076b780000)
  object space 173568K, 32% used [0x00000006c2600000,0x00000006c5c68490,0x00000006ccf80000)
 Metaspace       used 6417K, capacity 6894K, committed 7040K, reserved 1056768K
  class space    used 585K, capacity 637K, committed 640K, reserved 1048576K
Event: 30.255 GC heap after
Heap after GC invocations=145 (full 0):
 PSYoungGen      total 525824K, used 256K [0x000000076b780000, 0x00000007a5900000, 0x00000007c0000000)
  eden space 525312K, 0% used [0x000000076b780000,0x000000076b780000,0x000000078b880000)
  from space 512K, 50% used [0x00000007a5800000,0x00000007a5840000,0x00000007a5880000)
  to   space 512K, 0% used [0x00000007a5880000,0x00000007a5880000,0x00000007a5900000)
 ParOldGen       total 173568K, used 55761K [0x00000006c2600000, 0x00000006ccf80000, 0x000000076b780000)
  object space 173568K, 32% used [0x00000006c2600000,0x00000006c5c74490,0x00000006ccf80000)
 Metaspace       used 6417K, capacity 6894K, committed 7040K, reserved 1056768K
  class space    used 585K, capacity 637K, committed 640K, reserved 1048576K
}
Event: 30.591 GC heap before
{Heap before GC invocations=146 (full 0):
 PSYoungGen      total 525824K, used 525568K [0x000000076b780000, 0x00000007a5900000, 0x00000007c0000000)
  eden space 525312K, 100% used [0x000000076b780000,0x000000078b880000,0x000000078b880000)
  from space 512K, 50% used [0x00000007a5800000,0x00000007a5840000,0x00000007a5880000)
  to   space 512K, 0% used [0x00000007a5880000,0x00000007a5880000,0x00000007a5900000)
 ParOldGen       total 173568K, used 55761K [0x00000006c2600000, 0x00000006ccf80000, 0x000000076b780000)
  object space 173568K, 32% used [0x00000006c2600000,0x00000006c5c74490,0x00000006ccf80000)
 Metaspace       used 6417K, capacity 6894K, committed 7040K, reserved 1056768K
  class space    used 585K, capacity 637K, committed 640K, reserved 1048576K
Event: 30.592 GC heap after
Heap after GC invocations=146 (full 0):
 PSYoungGen      total 631296K, used 288K [0x000000076b780000, 0x00000007a5900000, 0x00000007c0000000)
  eden space 630784K, 0% used [0x000000076b780000,0x000000076b780000,0x0000000791f80000)
  from space 512K, 56% used [0x00000007a5880000,0x00000007a58c8000,0x00000007a5900000)
  to   space 512K, 0% used [0x00000007a5800000,0x00000007a5800000,0x00000007a5880000)
 ParOldGen       total 173568K, used 55809K [0x00000006c2600000, 0x00000006ccf80000, 0x000000076b780000)
  object space 173568K, 32% used [0x00000006c2600000,0x00000006c5c80490,0x00000006ccf80000)
 Metaspace       used 6417K, capacity 6894K, committed 7040K, reserved 1056768K
  class space    used 585K, capacity 637K, committed 640K, reserved 1048576K
}
Event: 30.992 GC heap before
{Heap before GC invocations=147 (full 0):
 PSYoungGen      total 631296K, used 631072K [0x000000076b780000, 0x00000007a5900000, 0x00000007c0000000)
  eden space 630784K, 100% used [0x000000076b780000,0x0000000791f80000,0x0000000791f80000)
  from space 512K, 56% used [0x00000007a5880000,0x00000007a58c8000,0x00000007a5900000)
  to   space 512K, 0% used [0x00000007a5800000,0x00000007a5800000,0x00000007a5880000)
 ParOldGen       total 173568K, used 55809K [0x00000006c2600000, 0x00000006ccf80000, 0x000000076b780000)
  object space 173568K, 32% used [0x00000006c2600000,0x00000006c5c80490,0x00000006ccf80000)
 Metaspace       used 6417K, capacity 6894K, committed 7040K, reserved 1056768K
  class space    used 585K, capacity 637K, committed 640K, reserved 1048576K
Event: 30.993 GC heap after
Heap after GC invocations=147 (full 0):
 PSYoungGen      total 757760K, used 288K [0x000000076b780000, 0x00000007a5900000, 0x00000007c0000000)
  eden space 757248K, 0% used [0x000000076b780000,0x000000076b780000,0x0000000799b00000)
  from space 512K, 56% used [0x00000007a5800000,0x00000007a5848000,0x00000007a5880000)
  to   space 512K, 0% used [0x00000007a5880000,0x00000007a5880000,0x00000007a5900000)
 ParOldGen       total 173568K, used 55857K [0x00000006c2600000, 0x00000006ccf80000, 0x000000076b780000)
  object space 173568K, 32% used [0x00000006c2600000,0x00000006c5c8c490,0x00000006ccf80000)
 Metaspace       used 6417K, capacity 6894K, committed 7040K, reserved 1056768K
  class space    used 585K, capacity 637K, committed 640K, reserved 1048576K
}
Event: 31.487 GC heap before
{Heap before GC invocations=148 (full 0):
 PSYoungGen      total 757760K, used 757536K [0x000000076b780000, 0x00000007a5900000, 0x00000007c0000000)
  eden space 757248K, 100% used [0x000000076b780000,0x0000000799b00000,0x0000000799b00000)
  from space 512K, 56% used [0x00000007a5800000,0x00000007a5848000,0x00000007a5880000)
  to   space 512K, 0% used [0x00000007a5880000,0x00000007a5880000,0x00000007a5900000)
 ParOldGen       total 173568K, used 55857K [0x00000006c2600000, 0x00000006ccf80000, 0x000000076b780000)
  object space 173568K, 32% used [0x00000006c2600000,0x00000006c5c8c490,0x00000006ccf80000)
 Metaspace       used 6417K, capacity 6894K, committed 7040K, reserved 1056768K
  class space    used 585K, capacity 637K, committed 640K, reserved 1048576K
Event: 31.487 GC heap after
Heap after GC invocations=148 (full 0):
 PSYoungGen      total 722944K, used 256K [0x000000076b780000, 0x00000007a5900000, 0x00000007c0000000)
  eden space 722432K, 0% used [0x000000076b780000,0x000000076b780000,0x0000000797900000)
  from space 512K, 50% used [0x00000007a5880000,0x00000007a58c0000,0x00000007a5900000)
  to   space 512K, 0% used [0x00000007a5800000,0x00000007a5800000,0x00000007a5880000)
 ParOldGen       total 173568K, used 55889K [0x00000006c2600000, 0x00000006ccf80000, 0x000000076b780000)
  object space 173568K, 32% used [0x00000006c2600000,0x00000006c5c94490,0x00000006ccf80000)
 Metaspace       used 6417K, capacity 6894K, committed 7040K, reserved 1056768K
  class space    used 585K, capacity 637K, committed 640K, reserved 1048576K
}

