# JRE version: Java(TM) SE Runtime Environment (8.0_45-b15) (build 1.8.0_45-b15)
# Java VM: Java HotSpot(TM) 64-Bit Server VM (25.45-b02 mixed mode windows-amd64 compressed oops)
Heap:
 PSYoungGen      total 91136K, used 60069K [0x000000076b780000, 0x0000000773d00000, 0x00000007c0000000)
  eden space 90624K, 66% used [0x000000076b780000,0x000000076f1e9750,0x0000000771000000)
  from space 512K, 50% used [0x0000000773c00000,0x0000000773c40000,0x0000000773c80000)
  to   space 512K, 0% used [0x0000000773c80000,0x0000000773c80000,0x0000000773d00000)
 ParOldGen       total 173568K, used 4022K [0x00000006c2600000, 0x00000006ccf80000, 0x000000076b780000)
  object space 173568K, 2% used [0x00000006c2600000,0x00000006c29edb78,0x00000006ccf80000)
 Metaspace       used 6214K, capacity 6820K, committed 7040K, reserved 1056768K
  class space    used 571K, capacity 598K, committed 640K, reserved 1048576K
GC Heap History (10 events):
Event: 9.956 GC heap before
{Heap before GC invocations=63 (full 0):
 PSYoungGen      total 104448K, used 104064K [0x000000076b780000, 0x0000000773e00000, 0x00000007c0000000)
  eden space 103936K, 100% used [0x000000076b780000,0x0000000771d00000,0x0000000771d00000)
  from space 512K, 25% used [0x0000000773d80000,0x0000000773da0000,0x0000000773e00000)
  to   space 1024K, 0% used [0x0000000773c00000,0x0000000773c00000,0x0000000773d00000)
 ParOldGen       total 173568K, used 3958K [0x00000006c2600000, 0x00000006ccf80000, 0x000000076b780000)
  object space 173568K, 2% used [0x00000006c2600000,0x00000006c29ddb78,0x00000006ccf80000)
 Metaspace       used 6198K, capacity 6820K, committed 7040K, reserved 1056768K
  class space    used 571K, capacity 598K, committed 640K, reserved 1048576K
Event: 9.957 GC heap after
Heap after GC invocations=63 (full 0):
 PSYoungGen      total 101888K, used 256K [0x000000076b780000, 0x0000000773e00000, 0x00000007c0000000)
  eden space 100864K, 0% used [0x000000076b780000,0x000000076b780000,0x0000000771a00000)
  from space 1024K, 25% used [0x0000000773c00000,0x0000000773c40000,0x0000000773d00000)
  to   space 1024K, 0% used [0x0000000773d00000,0x0000000773d00000,0x0000000773e00000)
 ParOldGen       total 173568K, used 3958K [0x00000006c2600000, 0x00000006ccf80000, 0x000000076b780000)
  object space 173568K, 2% used [0x00000006c2600000,0x00000006c29ddb78,0x00000006ccf80000)
 Metaspace       used 6198K, capacity 6820K, committed 7040K, reserved 1056768K
  class space    used 571K, capacity 598K, committed 640K, reserved 1048576K
}
Event: 10.035 GC heap before
{Heap before GC invocations=64 (full 0):
 PSYoungGen      total 101888K, used 101120K [0x000000076b780000, 0x0000000773e00000, 0x00000007c0000000)
  eden space 100864K, 100% used [0x000000076b780000,0x0000000771a00000,0x0000000771a00000)
  from space 1024K, 25% used [0x0000000773c00000,0x0000000773c40000,0x0000000773d00000)
  to   space 1024K, 0% used [0x0000000773d00000,0x0000000773d00000,0x0000000773e00000)
 ParOldGen       total 173568K, used 3958K [0x00000006c2600000, 0x00000006ccf80000, 0x000000076b780000)
  object space 173568K, 2% used [0x00000006c2600000,0x00000006c29ddb78,0x00000006ccf80000)
 Metaspace       used 6198K, capacity 6820K, committed 7040K, reserved 1056768K
  class space    used 571K, capacity 598K, committed 640K, reserved 1048576K
Event: 10.036 GC heap after
Heap after GC invocations=64 (full 0):
 PSYoungGen      total 98816K, used 384K [0x000000076b780000, 0x0000000773d80000, 0x00000007c0000000)
  eden space 98304K, 0% used [0x000000076b780000,0x000000076b780000,0x0000000771780000)
  from space 512K, 75% used [0x0000000773d00000,0x0000000773d60000,0x0000000773d80000)
  to   space 1024K, 0% used [0x0000000773b80000,0x0000000773b80000,0x0000000773c80000)
 ParOldGen       total 173568K, used 4022K [0x00000006c2600000, 0x00000006ccf80000, 0x000000076b780000)
  object space 173568K, 2% used [0x00000006c2600000,0x00000006c29edb78,0x00000006ccf80000)
 Metaspace       used 6198K, capacity 6820K, committed 7040K, reserved 1056768K
  class space    used 571K, capacity 598K, committed 640K, reserved 1048576K
}
Event: 10.109 GC heap before
{Heap before GC invocations=65 (full 0):
 PSYoungGen      total 98816K, used 98688K [0x000000076b780000, 0x0000000773d80000, 0x00000007c0000000)
  eden space 98304K, 100% used [0x000000076b780000,0x0000000771780000,0x0000000771780000)
  from space 512K, 75% used [0x0000000773d00000,0x0000000773d60000,0x0000000773d80000)
  to   space 1024K, 0% used [0x0000000773b80000,0x0000000773b80000,0x0000000773c80000)
 ParOldGen       total 173568K, used 4022K [0x00000006c2600000, 0x00000006ccf80000, 0x000000076b780000)
  object space 173568K, 2% used [0x00000006c2600000,0x00000006c29edb78,0x00000006ccf80000)
 Metaspace       used 6198K, capacity 6820K, committed 7040K, reserved 1056768K
  class space    used 571K, capacity 598K, committed 640K, reserved 1048576K
Event: 10.109 GC heap after
Heap after GC invocations=65 (full 0):
 PSYoungGen      total 96768K, used 192K [0x000000076b780000, 0x0000000773d80000, 0x00000007c0000000)
  eden space 95744K, 0% used [0x000000076b780000,0x000000076b780000,0x0000000771500000)
  from space 1024K, 18% used [0x0000000773b80000,0x0000000773bb0000,0x0000000773c80000)
  to   space 1024K, 0% used [0x0000000773c80000,0x0000000773c80000,0x0000000773d80000)
 ParOldGen       total 173568K, used 4022K [0x00000006c2600000, 0x00000006ccf80000, 0x000000076b780000)
  object space 173568K, 2% used [0x00000006c2600000,0x00000006c29edb78,0x00000006ccf80000)
 Metaspace       used 6198K, capacity 6820K, committed 7040K, reserved 1056768K
  class space    used 571K, capacity 598K, committed 640K, reserved 1048576K
}
Event: 10.180 GC heap before
{Heap before GC invocations=66 (full 0):
 PSYoungGen      total 96768K, used 95936K [0x000000076b780000, 0x0000000773d80000, 0x00000007c0000000)
  eden space 95744K, 100% used [0x000000076b780000,0x0000000771500000,0x0000000771500000)
  from space 1024K, 18% used [0x0000000773b80000,0x0000000773bb0000,0x0000000773c80000)
  to   space 1024K, 0% used [0x0000000773c80000,0x0000000773c80000,0x0000000773d80000)
 ParOldGen       total 173568K, used 4022K [0x00000006c2600000, 0x00000006ccf80000, 0x000000076b780000)
  object space 173568K, 2% used [0x00000006c2600000,0x00000006c29edb78,0x00000006ccf80000)
 Metaspace       used 6198K, capacity 6820K, committed 7040K, reserved 1056768K
  class space    used 571K, capacity 598K, committed 640K, reserved 1048576K
Event: 10.181 GC heap after
Heap after GC invocations=66 (full 0):
 PSYoungGen      total 93696K, used 192K [0x000000076b780000, 0x0000000773d00000, 0x00000007c0000000)
  eden space 93184K, 0% used [0x000000076b780000,0x000000076b780000,0x0000000771280000)
  from space 512K, 37% used [0x0000000773c80000,0x0000000773cb0000,0x0000000773d00000)
  to   space 512K, 0% used [0x0000000773c00000,0x0000000773c00000,0x0000000773c80000)
 ParOldGen       total 173568K, used 4022K [0x00000006c2600000, 0x00000006ccf80000, 0x000000076b780000)
  object space 173568K, 2% used [0x00000006c2600000,0x00000006c29edb78,0x00000006ccf80000)
 Metaspace       used 6198K, capacity 6820K, committed 7040K, reserved 1056768K
  class space    used 571K, capacity 598K, committed 640K, reserved 1048576K
}
Event: 10.249 GC heap before
{Heap before GC invocations=67 (full 0):
 PSYoungGen      total 93696K, used 93376K [0x000000076b780000, 0x0000000773d00000, 0x00000007c0000000)
  eden space 93184K, 100% used [0x000000076b780000,0x0000000771280000,0x0000000771280000)
  from space 512K, 37% used [0x0000000773c80000,0x0000000773cb0000,0x0000000773d00000)
  to   space 512K, 0% used [0x0000000773c00000,0x0000000773c00000,0x0000000773c80000)
 ParOldGen       total 173568K, used 4022K [0x00000006c2600000, 0x00000006ccf80000, 0x000000076b780000)
  object space 173568K, 2% used [0x00000006c2600000,0x00000006c29edb78,0x00000006ccf80000)
 Metaspace       used 6198K, capacity 6820K, committed 7040K, reserved 1056768K
  class space    used 571K, capacity 598K, committed 640K, reserved 1048576K
Event: 10.249 GC heap after
Heap after GC invocations=67 (full 0):
 PSYoungGen      total 91136K, used 256K [0x000000076b780000, 0x0000000773d00000, 0x00000007c0000000)
  eden space 90624K, 0% used [0x000000076b780000,0x000000076b780000,0x0000000771000000)
  from space 512K, 50% used [0x0000000773c00000,0x0000000773c40000,0x0000000773c80000)
  to   space 512K, 0% used [0x0000000773c80000,0x0000000773c80000,0x0000000773d00000)
 ParOldGen       total 173568K, used 4022K [0x00000006c2600000, 0x00000006ccf80000, 0x000000076b780000)
  object space 173568K, 2% used [0x00000006c2600000,0x00000006c29edb78,0x00000006ccf80000)
 Metaspace       used 6198K, capacity 6820K, committed 7040K, reserved 1056768K
  class space    used 571K, capacity 598K, committed 640K, reserved 1048576K
}

